# JRE version: OpenJDK Runtime Environment (8.0_352-b08) (build 1.8.0_352-b08)
# Java VM: OpenJDK 64-Bit Server VM (25.352-b08 mixed mode windows-amd64 compressed oops)
Heap:
 PSYoungGen      total 756224K, used 301666K [0x000000076c380000, 0x00000007a7c00000, 0x00000007c0000000)
  eden space 740864K, 38% used [0x000000076c380000,0x000000077db317c0,0x0000000799700000)
  from space 15360K, 99% used [0x00000007a4700000,0x00000007a55e71a8,0x00000007a5600000)
  to   space 33792K, 0% used [0x00000007a5b00000,0x00000007a5b00000,0x00000007a7c00000)
 ParOldGen       total 172032K, used 87270K [0x00000006c4a00000, 0x00000006cf200000, 0x000000076c380000)
  object space 172032K, 50% used [0x00000006c4a00000,0x00000006c9f399d8,0x00000006cf200000)
 Metaspace       used 12189K, capacity 12404K, committed 12544K, reserved 1060864K
  class space    used 1342K, capacity 1418K, committed 1536K, reserved 1048576K
GC Heap History (10 events):
Event: 9.996 GC heap before
{Heap before GC invocations=11 (full 0):
 PSYoungGen      total 939008K, used 938528K [0x000000076c380000, 0x00000007ac400000, 0x00000007c0000000)
  eden space 937984K, 100% used [0x000000076c380000,0x00000007a5780000,0x00000007a5780000)
  from space 1024K, 53% used [0x00000007ac300000,0x00000007ac388000,0x00000007ac400000)
  to   space 38912K, 0% used [0x00000007a7800000,0x00000007a7800000,0x00000007a9e00000)
 ParOldGen       total 172032K, used 86676K [0x00000006c4a00000, 0x00000006cf200000, 0x000000076c380000)
  object space 172032K, 50% used [0x00000006c4a00000,0x00000006c9ea5330,0x00000006cf200000)
 Metaspace       used 12119K, capacity 12336K, committed 12544K, reserved 1060864K
  class space    used 1342K, capacity 1418K, committed 1536K, reserved 1048576K
Event: 9.997 GC heap after
Heap after GC invocations=11 (full 0):
 PSYoungGen      total 933376K, used 448K [0x000000076c380000, 0x00000007ac380000, 0x00000007c0000000)
  eden space 894464K, 0% used [0x000000076c380000,0x000000076c380000,0x00000007a2d00000)
  from space 38912K, 1% used [0x00000007a7800000,0x00000007a7870000,0x00000007a9e00000)
  to   space 38400K, 0% used [0x00000007a9e00000,0x00000007a9e00000,0x00000007ac380000)
 ParOldGen       total 172032K, used 86772K [0x00000006c4a00000, 0x00000006cf200000, 0x000000076c380000)
  object space 172032K, 50% used [0x00000006c4a00000,0x00000006c9ebd340,0x00000006cf200000)
 Metaspace       used 12119K, capacity 12336K, committed 12544K, reserved 1060864K
  class space    used 1342K, capacity 1418K, committed 1536K, reserved 1048576K
}
Event: 11.746 GC heap before
{Heap before GC invocations=12 (full 0):
 PSYoungGen      total 933376K, used 894912K [0x000000076c380000, 0x00000007ac380000, 0x00000007c0000000)
  eden space 894464K, 100% used [0x000000076c380000,0x00000007a2d00000,0x00000007a2d00000)
  from space 38912K, 1% used [0x00000007a7800000,0x00000007a7870000,0x00000007a9e00000)
  to   space 38400K, 0% used [0x00000007a9e00000,0x00000007a9e00000,0x00000007ac380000)
 ParOldGen       total 172032K, used 86773K [0x00000006c4a00000, 0x00000006cf200000, 0x000000076c380000)
  object space 172032K, 50% used [0x00000006c4a00000,0x00000006c9ebd658,0x00000006cf200000)
 Metaspace       used 12141K, capacity 12336K, committed 12544K, reserved 1060864K
  class space    used 1342K, capacity 1418K, committed 1536K, reserved 1048576K
Event: 11.752 GC heap after
Heap after GC invocations=12 (full 0):
 PSYoungGen      total 868352K, used 15324K [0x000000076c380000, 0x00000007aad00000, 0x00000007c0000000)
  eden space 852992K, 0% used [0x000000076c380000,0x000000076c380000,0x00000007a0480000)
  from space 15360K, 99% used [0x00000007a9e00000,0x00000007aacf71a8,0x00000007aad00000)
  to   space 36864K, 0% used [0x00000007a6500000,0x00000007a6500000,0x00000007a8900000)
 ParOldGen       total 172032K, used 86813K [0x00000006c4a00000, 0x00000006cf200000, 0x000000076c380000)
  object space 172032K, 50% used [0x00000006c4a00000,0x00000006c9ec7658,0x00000006cf200000)
 Metaspace       used 12141K, capacity 12336K, committed 12544K, reserved 1060864K
  class space    used 1342K, capacity 1418K, committed 1536K, reserved 1048576K
}
Event: 13.376 GC heap before
{Heap before GC invocations=13 (full 0):
 PSYoungGen      total 868352K, used 868316K [0x000000076c380000, 0x00000007aad00000, 0x00000007c0000000)
  eden space 852992K, 100% used [0x000000076c380000,0x00000007a0480000,0x00000007a0480000)
  from space 15360K, 99% used [0x00000007a9e00000,0x00000007aacf71a8,0x00000007aad00000)
  to   space 36864K, 0% used [0x00000007a6500000,0x00000007a6500000,0x00000007a8900000)
 ParOldGen       total 172032K, used 87102K [0x00000006c4a00000, 0x00000006cf200000, 0x000000076c380000)
  object space 172032K, 50% used [0x00000006c4a00000,0x00000006c9f0f9c8,0x00000006cf200000)
 Metaspace       used 12144K, capacity 12336K, committed 12544K, reserved 1060864K
  class space    used 1342K, capacity 1418K, committed 1536K, reserved 1048576K
Event: 13.380 GC heap after
Heap after GC invocations=13 (full 0):
 PSYoungGen      total 828928K, used 15228K [0x000000076c380000, 0x00000007a9e80000, 0x00000007c0000000)
  eden space 813568K, 0% used [0x000000076c380000,0x000000076c380000,0x000000079de00000)
  from space 15360K, 99% used [0x00000007a6500000,0x00000007a73df1a8,0x00000007a7400000)
  to   space 35840K, 0% used [0x00000007a7b80000,0x00000007a7b80000,0x00000007a9e80000)
 ParOldGen       total 172032K, used 87150K [0x00000006c4a00000, 0x00000006cf200000, 0x000000076c380000)
  object space 172032K, 50% used [0x00000006c4a00000,0x00000006c9f1b9c8,0x00000006cf200000)
 Metaspace       used 12144K, capacity 12336K, committed 12544K, reserved 1060864K
  class space    used 1342K, capacity 1418K, committed 1536K, reserved 1048576K
}
Event: 14.935 GC heap before
{Heap before GC invocations=14 (full 0):
 PSYoungGen      total 828928K, used 828796K [0x000000076c380000, 0x00000007a9e80000, 0x00000007c0000000)
  eden space 813568K, 100% used [0x000000076c380000,0x000000079de00000,0x000000079de00000)
  from space 15360K, 99% used [0x00000007a6500000,0x00000007a73df1a8,0x00000007a7400000)
  to   space 35840K, 0% used [0x00000007a7b80000,0x00000007a7b80000,0x00000007a9e80000)
 ParOldGen       total 172032K, used 87150K [0x00000006c4a00000, 0x00000006cf200000, 0x000000076c380000)
  object space 172032K, 50% used [0x00000006c4a00000,0x00000006c9f1b9c8,0x00000006cf200000)
 Metaspace       used 12151K, capacity 12336K, committed 12544K, reserved 1060864K
  class space    used 1342K, capacity 1418K, committed 1536K, reserved 1048576K
Event: 14.940 GC heap after
Heap after GC invocations=14 (full 0):
 PSYoungGen      total 792064K, used 15420K [0x000000076c380000, 0x00000007a8b00000, 0x00000007c0000000)
  eden space 776192K, 0% used [0x000000076c380000,0x000000076c380000,0x000000079b980000)
  from space 15872K, 97% used [0x00000007a7b80000,0x00000007a8a8f1a8,0x00000007a8b00000)
  to   space 34816K, 0% used [0x00000007a4700000,0x00000007a4700000,0x00000007a6900000)
 ParOldGen       total 172032K, used 87206K [0x00000006c4a00000, 0x00000006cf200000, 0x000000076c380000)
  object space 172032K, 50% used [0x00000006c4a00000,0x00000006c9f299d8,0x00000006cf200000)
 Metaspace       used 12151K, capacity 12336K, committed 12544K, reserved 1060864K
  class space    used 1342K, capacity 1418K, committed 1536K, reserved 1048576K
}
Event: 16.424 GC heap before
{Heap before GC invocations=15 (full 0):
 PSYoungGen      total 792064K, used 791612K [0x000000076c380000, 0x00000007a8b00000, 0x00000007c0000000)
  eden space 776192K, 100% used [0x000000076c380000,0x000000079b980000,0x000000079b980000)
  from space 15872K, 97% used [0x00000007a7b80000,0x00000007a8a8f1a8,0x00000007a8b00000)
  to   space 34816K, 0% used [0x00000007a4700000,0x00000007a4700000,0x00000007a6900000)
 ParOldGen       total 172032K, used 87206K [0x00000006c4a00000, 0x00000006cf200000, 0x000000076c380000)
  object space 172032K, 50% used [0x00000006c4a00000,0x00000006c9f299d8,0x00000006cf200000)
 Metaspace       used 12184K, capacity 12404K, committed 12544K, reserved 1060864K
  class space    used 1342K, capacity 1418K, committed 1536K, reserved 1048576K
Event: 16.426 GC heap after
Heap after GC invocations=15 (full 0):
 PSYoungGen      total 756224K, used 15260K [0x000000076c380000, 0x00000007a7c00000, 0x00000007c0000000)
  eden space 740864K, 0% used [0x000000076c380000,0x000000076c380000,0x0000000799700000)
  from space 15360K, 99% used [0x00000007a4700000,0x00000007a55e71a8,0x00000007a5600000)
  to   space 33792K, 0% used [0x00000007a5b00000,0x00000007a5b00000,0x00000007a7c00000)
 ParOldGen       total 172032K, used 87270K [0x00000006c4a00000, 0x00000006cf200000, 0x000000076c380000)
  object space 172032K, 50% used [0x00000006c4a00000,0x00000006c9f399d8,0x00000006cf200000)
 Metaspace       used 12184K, capacity 12404K, committed 12544K, reserved 1060864K
  class space    used 1342K, capacity 1418K, committed 1536K, reserved 1048576K
}

