# JRE version: OpenJDK Runtime Environment (8.0_352-b08) (build 1.8.0_352-b08)
# Java VM: OpenJDK 64-Bit Server VM (25.352-b08 mixed mode windows-amd64 compressed oops)
Heap:
 PSYoungGen      total 393216K, used 107128K [0x000000076c380000, 0x00000007aa100000, 0x00000007c0000000)
  eden space 392704K, 27% used [0x000000076c380000,0x0000000772bde190,0x0000000784300000)
  from space 512K, 50% used [0x00000007aa080000,0x00000007aa0c0000,0x00000007aa100000)
  to   space 24064K, 0% used [0x00000007a7200000,0x00000007a7200000,0x00000007a8980000)
 ParOldGen       total 172032K, used 110439K [0x00000006c4a00000, 0x00000006cf200000, 0x000000076c380000)
  object space 172032K, 64% used [0x00000006c4a00000,0x00000006cb5d9fb0,0x00000006cf200000)
 Metaspace       used 12256K, capacity 12408K, committed 12800K, reserved 1060864K
  class space    used 1351K, capacity 1418K, committed 1536K, reserved 1048576K
GC Heap History (10 events):
Event: 24.273 GC heap before
{Heap before GC invocations=26 (full 0):
 PSYoungGen      total 518656K, used 490272K [0x000000076c380000, 0x00000007aea80000, 0x00000007c0000000)
  eden space 489984K, 100% used [0x000000076c380000,0x000000078a200000,0x000000078a200000)
  from space 28672K, 1% used [0x00000007ab280000,0x00000007ab2c8000,0x00000007ace80000)
  to   space 27136K, 0% used [0x00000007ad000000,0x00000007ad000000,0x00000007aea80000)
 ParOldGen       total 172032K, used 100118K [0x00000006c4a00000, 0x00000006cf200000, 0x000000076c380000)
  object space 172032K, 58% used [0x00000006c4a00000,0x00000006cabc5a28,0x00000006cf200000)
 Metaspace       used 12223K, capacity 12408K, committed 12800K, reserved 1060864K
  class space    used 1351K, capacity 1418K, committed 1536K, reserved 1048576K
Event: 24.274 GC heap after
Heap after GC invocations=26 (full 0):
 PSYoungGen      total 468992K, used 224K [0x000000076c380000, 0x00000007ad080000, 0x00000007c0000000)
  eden space 468480K, 0% used [0x000000076c380000,0x000000076c380000,0x0000000788d00000)
  from space 512K, 43% used [0x00000007ad000000,0x00000007ad038000,0x00000007ad080000)
  to   space 25600K, 0% used [0x00000007a9e80000,0x00000007a9e80000,0x00000007ab780000)
 ParOldGen       total 172032K, used 100142K [0x00000006c4a00000, 0x00000006cf200000, 0x000000076c380000)
  object space 172032K, 58% used [0x00000006c4a00000,0x00000006cabcba28,0x00000006cf200000)
 Metaspace       used 12223K, capacity 12408K, committed 12800K, reserved 1060864K
  class space    used 1351K, capacity 1418K, committed 1536K, reserved 1048576K
}
Event: 24.989 GC heap before
{Heap before GC invocations=27 (full 0):
 PSYoungGen      total 468992K, used 468704K [0x000000076c380000, 0x00000007ad080000, 0x00000007c0000000)
  eden space 468480K, 100% used [0x000000076c380000,0x0000000788d00000,0x0000000788d00000)
  from space 512K, 43% used [0x00000007ad000000,0x00000007ad038000,0x00000007ad080000)
  to   space 25600K, 0% used [0x00000007a9e80000,0x00000007a9e80000,0x00000007ab780000)
 ParOldGen       total 172032K, used 110343K [0x00000006c4a00000, 0x00000006cf200000, 0x000000076c380000)
  object space 172032K, 64% used [0x00000006c4a00000,0x00000006cb5c1fa0,0x00000006cf200000)
 Metaspace       used 12224K, capacity 12408K, committed 12800K, reserved 1060864K
  class space    used 1351K, capacity 1418K, committed 1536K, reserved 1048576K
Event: 24.990 GC heap after
Heap after GC invocations=27 (full 0):
 PSYoungGen      total 473600K, used 256K [0x000000076c380000, 0x00000007ad080000, 0x00000007c0000000)
  eden space 448000K, 0% used [0x000000076c380000,0x000000076c380000,0x0000000787900000)
  from space 25600K, 1% used [0x00000007a9e80000,0x00000007a9ec0000,0x00000007ab780000)
  to   space 24576K, 0% used [0x00000007ab880000,0x00000007ab880000,0x00000007ad080000)
 ParOldGen       total 172032K, used 110359K [0x00000006c4a00000, 0x00000006cf200000, 0x000000076c380000)
  object space 172032K, 64% used [0x00000006c4a00000,0x00000006cb5c5fa0,0x00000006cf200000)
 Metaspace       used 12224K, capacity 12408K, committed 12800K, reserved 1060864K
  class space    used 1351K, capacity 1418K, committed 1536K, reserved 1048576K
}
Event: 25.644 GC heap before
{Heap before GC invocations=28 (full 0):
 PSYoungGen      total 473600K, used 448256K [0x000000076c380000, 0x00000007ad080000, 0x00000007c0000000)
  eden space 448000K, 100% used [0x000000076c380000,0x0000000787900000,0x0000000787900000)
  from space 25600K, 1% used [0x00000007a9e80000,0x00000007a9ec0000,0x00000007ab780000)
  to   space 24576K, 0% used [0x00000007ab880000,0x00000007ab880000,0x00000007ad080000)
 ParOldGen       total 172032K, used 110359K [0x00000006c4a00000, 0x00000006cf200000, 0x000000076c380000)
  object space 172032K, 64% used [0x00000006c4a00000,0x00000006cb5c5fa0,0x00000006cf200000)
 Metaspace       used 12226K, capacity 12408K, committed 12800K, reserved 1060864K
  class space    used 1351K, capacity 1418K, committed 1536K, reserved 1048576K
Event: 25.647 GC heap after
Heap after GC invocations=28 (full 0):
 PSYoungGen      total 443904K, used 15164K [0x000000076c380000, 0x00000007ac780000, 0x00000007c0000000)
  eden space 428544K, 0% used [0x000000076c380000,0x000000076c380000,0x0000000786600000)
  from space 15360K, 98% used [0x00000007ab880000,0x00000007ac74f1a8,0x00000007ac780000)
  to   space 26624K, 0% used [0x00000007a9380000,0x00000007a9380000,0x00000007aad80000)
 ParOldGen       total 172032K, used 110391K [0x00000006c4a00000, 0x00000006cf200000, 0x000000076c380000)
  object space 172032K, 64% used [0x00000006c4a00000,0x00000006cb5cdfb0,0x00000006cf200000)
 Metaspace       used 12226K, capacity 12408K, committed 12800K, reserved 1060864K
  class space    used 1351K, capacity 1418K, committed 1536K, reserved 1048576K
}
Event: 26.314 GC heap before
{Heap before GC invocations=29 (full 0):
 PSYoungGen      total 443904K, used 443708K [0x000000076c380000, 0x00000007ac780000, 0x00000007c0000000)
  eden space 428544K, 100% used [0x000000076c380000,0x0000000786600000,0x0000000786600000)
  from space 15360K, 98% used [0x00000007ab880000,0x00000007ac74f1a8,0x00000007ac780000)
  to   space 26624K, 0% used [0x00000007a9380000,0x00000007a9380000,0x00000007aad80000)
 ParOldGen       total 172032K, used 110391K [0x00000006c4a00000, 0x00000006cf200000, 0x000000076c380000)
  object space 172032K, 64% used [0x00000006c4a00000,0x00000006cb5cdfb0,0x00000006cf200000)
 Metaspace       used 12251K, capacity 12408K, committed 12800K, reserved 1060864K
  class space    used 1351K, capacity 1418K, committed 1536K, reserved 1048576K
Event: 26.316 GC heap after
Heap after GC invocations=29 (full 0):
 PSYoungGen      total 410624K, used 192K [0x000000076c380000, 0x00000007ab900000, 0x00000007c0000000)
  eden space 410112K, 0% used [0x000000076c380000,0x000000076c380000,0x0000000785400000)
  from space 512K, 37% used [0x00000007a9380000,0x00000007a93b0000,0x00000007a9400000)
  to   space 25088K, 0% used [0x00000007aa080000,0x00000007aa080000,0x00000007ab900000)
 ParOldGen       total 172032K, used 110415K [0x00000006c4a00000, 0x00000006cf200000, 0x000000076c380000)
  object space 172032K, 64% used [0x00000006c4a00000,0x00000006cb5d3fb0,0x00000006cf200000)
 Metaspace       used 12251K, capacity 12408K, committed 12800K, reserved 1060864K
  class space    used 1351K, capacity 1418K, committed 1536K, reserved 1048576K
}
Event: 26.944 GC heap before
{Heap before GC invocations=30 (full 0):
 PSYoungGen      total 410624K, used 410304K [0x000000076c380000, 0x00000007ab900000, 0x00000007c0000000)
  eden space 410112K, 100% used [0x000000076c380000,0x0000000785400000,0x0000000785400000)
  from space 512K, 37% used [0x00000007a9380000,0x00000007a93b0000,0x00000007a9400000)
  to   space 25088K, 0% used [0x00000007aa080000,0x00000007aa080000,0x00000007ab900000)
 ParOldGen       total 172032K, used 110415K [0x00000006c4a00000, 0x00000006cf200000, 0x000000076c380000)
  object space 172032K, 64% used [0x00000006c4a00000,0x00000006cb5d3fb0,0x00000006cf200000)
 Metaspace       used 12251K, capacity 12408K, committed 12800K, reserved 1060864K
  class space    used 1351K, capacity 1418K, committed 1536K, reserved 1048576K
Event: 26.947 GC heap after
Heap after GC invocations=30 (full 0):
 PSYoungGen      total 393216K, used 256K [0x000000076c380000, 0x00000007aa100000, 0x00000007c0000000)
  eden space 392704K, 0% used [0x000000076c380000,0x000000076c380000,0x0000000784300000)
  from space 512K, 50% used [0x00000007aa080000,0x00000007aa0c0000,0x00000007aa100000)
  to   space 24064K, 0% used [0x00000007a7200000,0x00000007a7200000,0x00000007a8980000)
 ParOldGen       total 172032K, used 110439K [0x00000006c4a00000, 0x00000006cf200000, 0x000000076c380000)
  object space 172032K, 64% used [0x00000006c4a00000,0x00000006cb5d9fb0,0x00000006cf200000)
 Metaspace       used 12251K, capacity 12408K, committed 12800K, reserved 1060864K
  class space    used 1351K, capacity 1418K, committed 1536K, reserved 1048576K
}

