# JRE version: OpenJDK Runtime Environment (8.0_352-b08) (build 1.8.0_352-b08)
# Java VM: OpenJDK 64-Bit Server VM (25.352-b08 mixed mode windows-amd64 compressed oops)
Heap:
 PSYoungGen      total 1047040K, used 423971K [0x000000076c380000, 0x00000007c0000000, 0x00000007c0000000)
  eden space 1025536K, 41% used [0x000000076c380000,0x0000000786108ee0,0x00000007aad00000)
  from space 21504K, 2% used [0x00000007aad00000,0x00000007aad80000,0x00000007ac200000)
  to   space 21504K, 0% used [0x00000007beb00000,0x00000007beb00000,0x00000007c0000000)
 ParOldGen       total 172032K, used 88135K [0x00000006c4a00000, 0x00000006cf200000, 0x000000076c380000)
  object space 172032K, 51% used [0x00000006c4a00000,0x00000006ca011cd0,0x00000006cf200000)
 Metaspace       used 12038K, capacity 12240K, committed 12416K, reserved 1060864K
  class space    used 1338K, capacity 1386K, committed 1408K, reserved 1048576K
GC Heap History (10 events):
Event: 1.564 GC heap before
{Heap before GC invocations=5 (full 0):
 PSYoungGen      total 268800K, used 263440K [0x000000076c380000, 0x000000077d480000, 0x00000007c0000000)
  eden space 258048K, 99% used [0x000000076c380000,0x000000077bd844d8,0x000000077bf80000)
  from space 10752K, 69% used [0x000000077ca00000,0x000000077d13fb48,0x000000077d480000)
  to   space 10752K, 0% used [0x000000077bf80000,0x000000077bf80000,0x000000077ca00000)
 ParOldGen       total 172032K, used 85742K [0x00000006c4a00000, 0x00000006cf200000, 0x000000076c380000)
  object space 172032K, 49% used [0x00000006c4a00000,0x00000006c9dbb938,0x00000006cf200000)
 Metaspace       used 11653K, capacity 11792K, committed 11904K, reserved 1060864K
  class space    used 1337K, capacity 1386K, committed 1408K, reserved 1048576K
Event: 1.566 GC heap after
Heap after GC invocations=5 (full 0):
 PSYoungGen      total 268800K, used 4576K [0x000000076c380000, 0x000000078dd80000, 0x00000007c0000000)
  eden space 258048K, 0% used [0x000000076c380000,0x000000076c380000,0x000000077bf80000)
  from space 10752K, 42% used [0x000000077bf80000,0x000000077c3f8030,0x000000077ca00000)
  to   space 17408K, 0% used [0x000000078cc80000,0x000000078cc80000,0x000000078dd80000)
 ParOldGen       total 172032K, used 85750K [0x00000006c4a00000, 0x00000006cf200000, 0x000000076c380000)
  object space 172032K, 49% used [0x00000006c4a00000,0x00000006c9dbd938,0x00000006cf200000)
 Metaspace       used 11653K, capacity 11792K, committed 11904K, reserved 1060864K
  class space    used 1337K, capacity 1386K, committed 1408K, reserved 1048576K
}
Event: 1.958 GC heap before
{Heap before GC invocations=6 (full 0):
 PSYoungGen      total 268800K, used 262624K [0x000000076c380000, 0x000000078dd80000, 0x00000007c0000000)
  eden space 258048K, 100% used [0x000000076c380000,0x000000077bf80000,0x000000077bf80000)
  from space 10752K, 42% used [0x000000077bf80000,0x000000077c3f8030,0x000000077ca00000)
  to   space 17408K, 0% used [0x000000078cc80000,0x000000078cc80000,0x000000078dd80000)
 ParOldGen       total 172032K, used 85750K [0x00000006c4a00000, 0x00000006cf200000, 0x000000076c380000)
  object space 172032K, 49% used [0x00000006c4a00000,0x00000006c9dbd938,0x00000006cf200000)
 Metaspace       used 11774K, capacity 11984K, committed 12160K, reserved 1060864K
  class space    used 1338K, capacity 1386K, committed 1408K, reserved 1048576K
Event: 1.962 GC heap after
Heap after GC invocations=6 (full 0):
 PSYoungGen      total 530432K, used 17388K [0x000000076c380000, 0x000000078e380000, 0x00000007c0000000)
  eden space 513024K, 0% used [0x000000076c380000,0x000000076c380000,0x000000078b880000)
  from space 17408K, 99% used [0x000000078cc80000,0x000000078dd7b1c8,0x000000078dd80000)
  to   space 20480K, 0% used [0x000000078b880000,0x000000078b880000,0x000000078cc80000)
 ParOldGen       total 172032K, used 85758K [0x00000006c4a00000, 0x00000006cf200000, 0x000000076c380000)
  object space 172032K, 49% used [0x00000006c4a00000,0x00000006c9dbf938,0x00000006cf200000)
 Metaspace       used 11774K, capacity 11984K, committed 12160K, reserved 1060864K
  class space    used 1338K, capacity 1386K, committed 1408K, reserved 1048576K
}
Event: 2.780 GC heap before
{Heap before GC invocations=7 (full 0):
 PSYoungGen      total 530432K, used 528051K [0x000000076c380000, 0x000000078e380000, 0x00000007c0000000)
  eden space 513024K, 99% used [0x000000076c380000,0x000000078b631df8,0x000000078b880000)
  from space 17408K, 99% used [0x000000078cc80000,0x000000078dd7b1c8,0x000000078dd80000)
  to   space 20480K, 0% used [0x000000078b880000,0x000000078b880000,0x000000078cc80000)
 ParOldGen       total 172032K, used 85758K [0x00000006c4a00000, 0x00000006cf200000, 0x000000076c380000)
  object space 172032K, 49% used [0x00000006c4a00000,0x00000006c9dbf938,0x00000006cf200000)
 Metaspace       used 11906K, capacity 12048K, committed 12160K, reserved 1060864K
  class space    used 1338K, capacity 1386K, committed 1408K, reserved 1048576K
Event: 2.783 GC heap after
Heap after GC invocations=7 (full 0):
 PSYoungGen      total 533504K, used 1824K [0x000000076c380000, 0x00000007ad680000, 0x00000007c0000000)
  eden space 513024K, 0% used [0x000000076c380000,0x000000076c380000,0x000000078b880000)
  from space 20480K, 8% used [0x000000078b880000,0x000000078ba48010,0x000000078cc80000)
  to   space 20992K, 0% used [0x00000007ac200000,0x00000007ac200000,0x00000007ad680000)
 ParOldGen       total 172032K, used 86499K [0x00000006c4a00000, 0x00000006cf200000, 0x000000076c380000)
  object space 172032K, 50% used [0x00000006c4a00000,0x00000006c9e78e60,0x00000006cf200000)
 Metaspace       used 11906K, capacity 12048K, committed 12160K, reserved 1060864K
  class space    used 1338K, capacity 1386K, committed 1408K, reserved 1048576K
}
Event: 3.547 GC heap before
{Heap before GC invocations=8 (full 0):
 PSYoungGen      total 533504K, used 514848K [0x000000076c380000, 0x00000007ad680000, 0x00000007c0000000)
  eden space 513024K, 100% used [0x000000076c380000,0x000000078b880000,0x000000078b880000)
  from space 20480K, 8% used [0x000000078b880000,0x000000078ba48010,0x000000078cc80000)
  to   space 20992K, 0% used [0x00000007ac200000,0x00000007ac200000,0x00000007ad680000)
 ParOldGen       total 172032K, used 86499K [0x00000006c4a00000, 0x00000006cf200000, 0x000000076c380000)
  object space 172032K, 50% used [0x00000006c4a00000,0x00000006c9e78e60,0x00000006cf200000)
 Metaspace       used 11979K, capacity 12176K, committed 12416K, reserved 1060864K
  class space    used 1338K, capacity 1386K, committed 1408K, reserved 1048576K
Event: 3.549 GC heap after
Heap after GC invocations=8 (full 0):
 PSYoungGen      total 1046528K, used 288K [0x000000076c380000, 0x00000007ad780000, 0x00000007c0000000)
  eden space 1025536K, 0% used [0x000000076c380000,0x000000076c380000,0x00000007aad00000)
  from space 20992K, 1% used [0x00000007ac200000,0x00000007ac248000,0x00000007ad680000)
  to   space 21504K, 0% used [0x00000007aad00000,0x00000007aad00000,0x00000007ac200000)
 ParOldGen       total 172032K, used 88047K [0x00000006c4a00000, 0x00000006cf200000, 0x000000076c380000)
  object space 172032K, 51% used [0x00000006c4a00000,0x00000006c9ffbcd0,0x00000006cf200000)
 Metaspace       used 11979K, capacity 12176K, committed 12416K, reserved 1060864K
  class space    used 1338K, capacity 1386K, committed 1408K, reserved 1048576K
}
Event: 5.310 GC heap before
{Heap before GC invocations=9 (full 0):
 PSYoungGen      total 1046528K, used 1025824K [0x000000076c380000, 0x00000007ad780000, 0x00000007c0000000)
  eden space 1025536K, 100% used [0x000000076c380000,0x00000007aad00000,0x00000007aad00000)
  from space 20992K, 1% used [0x00000007ac200000,0x00000007ac248000,0x00000007ad680000)
  to   space 21504K, 0% used [0x00000007aad00000,0x00000007aad00000,0x00000007ac200000)
 ParOldGen       total 172032K, used 88047K [0x00000006c4a00000, 0x00000006cf200000, 0x000000076c380000)
  object space 172032K, 51% used [0x00000006c4a00000,0x00000006c9ffbcd0,0x00000006cf200000)
 Metaspace       used 12017K, capacity 12176K, committed 12416K, reserved 1060864K
  class space    used 1338K, capacity 1386K, committed 1408K, reserved 1048576K
Event: 5.315 GC heap after
Heap after GC invocations=9 (full 0):
 PSYoungGen      total 1047040K, used 512K [0x000000076c380000, 0x00000007c0000000, 0x00000007c0000000)
  eden space 1025536K, 0% used [0x000000076c380000,0x000000076c380000,0x00000007aad00000)
  from space 21504K, 2% used [0x00000007aad00000,0x00000007aad80000,0x00000007ac200000)
  to   space 21504K, 0% used [0x00000007beb00000,0x00000007beb00000,0x00000007c0000000)
 ParOldGen       total 172032K, used 88135K [0x00000006c4a00000, 0x00000006cf200000, 0x000000076c380000)
  object space 172032K, 51% used [0x00000006c4a00000,0x00000006ca011cd0,0x00000006cf200000)
 Metaspace       used 12017K, capacity 12176K, committed 12416K, reserved 1060864K
  class space    used 1338K, capacity 1386K, committed 1408K, reserved 1048576K
}

